{"level":"info","message":"Gateway is running on port 3000","service":"api-gateway","timestamp":"2025-11-12T13:34:01.702Z"}
{"level":"info","message":"Gateway is running on port 3000","service":"api-gateway","timestamp":"2025-11-12T13:35:51.891Z"}
{"level":"info","message":"Gateway is running on port 3000","service":"api-gateway","timestamp":"2025-11-12T13:36:30.138Z"}
{"level":"info","message":"Gateway is running on port 3000","service":"api-gateway","timestamp":"2025-11-12T13:37:16.970Z"}
{"level":"info","message":"Gateway is running on port 3000","service":"api-gateway","timestamp":"2025-11-12T13:38:10.780Z"}
{"level":"info","message":"✓ Proxy configured: /v1/users → http://localhost:4001","service":"api-gateway","timestamp":"2025-11-17T10:06:29.057Z"}
{"level":"info","message":"✓ Proxy configured: /v1/auth → http://localhost:4001","service":"api-gateway","timestamp":"2025-11-17T10:06:29.059Z"}
{"level":"info","message":"✓ Proxy configured: /v1/products → http://localhost:4002","service":"api-gateway","timestamp":"2025-11-17T10:06:29.059Z"}
{"level":"info","message":"✓ Proxy configured: /v1/orders → http://localhost:4003","service":"api-gateway","timestamp":"2025-11-17T10:06:29.059Z"}
{"level":"info","message":"✓ Proxy configured: /v1/payments → http://localhost:4004","service":"api-gateway","timestamp":"2025-11-17T10:06:29.059Z"}
{"level":"info","message":"✓ Proxy configured: /v1/notifications → http://localhost:4005","service":"api-gateway","timestamp":"2025-11-17T10:06:29.059Z"}
{"level":"info","message":"Gateway is running on port 3000","service":"api-gateway","timestamp":"2025-11-17T10:06:29.061Z"}
{"level":"info","message":"✓ Proxy configured: /v1/users → http://localhost:4001","service":"api-gateway","timestamp":"2025-11-17T10:06:37.687Z"}
{"level":"info","message":"✓ Proxy configured: /v1/auth → http://localhost:4001","service":"api-gateway","timestamp":"2025-11-17T10:06:37.688Z"}
{"level":"info","message":"✓ Proxy configured: /v1/products → http://localhost:4002","service":"api-gateway","timestamp":"2025-11-17T10:06:37.689Z"}
{"level":"info","message":"✓ Proxy configured: /v1/orders → http://localhost:4003","service":"api-gateway","timestamp":"2025-11-17T10:06:37.689Z"}
{"level":"info","message":"✓ Proxy configured: /v1/payments → http://localhost:4004","service":"api-gateway","timestamp":"2025-11-17T10:06:37.689Z"}
{"level":"info","message":"✓ Proxy configured: /v1/notifications → http://localhost:4005","service":"api-gateway","timestamp":"2025-11-17T10:06:37.689Z"}
{"level":"info","message":"Gateway is running on port 3000","service":"api-gateway","timestamp":"2025-11-17T10:06:37.690Z"}
{"level":"info","message":"✓ Proxy configured: /v1/users → http://localhost:4001","service":"api-gateway","timestamp":"2025-11-17T10:07:07.728Z"}
{"level":"info","message":"✓ Proxy configured: /v1/users → http://localhost:4001","service":"api-gateway","timestamp":"2025-11-17T10:07:07.729Z"}
{"level":"info","message":"✓ Proxy configured: /v1/auth → http://localhost:4001","service":"api-gateway","timestamp":"2025-11-17T10:07:07.732Z"}
{"level":"info","message":"✓ Proxy configured: /v1/products → http://localhost:4002","service":"api-gateway","timestamp":"2025-11-17T10:07:07.732Z"}
{"level":"info","message":"✓ Proxy configured: /v1/orders → http://localhost:4003","service":"api-gateway","timestamp":"2025-11-17T10:07:07.732Z"}
{"level":"info","message":"✓ Proxy configured: /v1/payments → http://localhost:4004","service":"api-gateway","timestamp":"2025-11-17T10:07:07.733Z"}
{"level":"info","message":"✓ Proxy configured: /v1/notifications → http://localhost:4005","service":"api-gateway","timestamp":"2025-11-17T10:07:07.733Z"}
{"level":"info","message":"Gateway is running on port 3000","service":"api-gateway","timestamp":"2025-11-17T10:07:07.735Z"}
{"level":"info","message":"✓ Proxy configured: /v1/auth → http://localhost:4001","service":"api-gateway","timestamp":"2025-11-17T10:07:07.732Z"}
{"level":"info","message":"✓ Proxy configured: /v1/products → http://localhost:4002","service":"api-gateway","timestamp":"2025-11-17T10:07:07.732Z"}
{"level":"info","message":"✓ Proxy configured: /v1/orders → http://localhost:4003","service":"api-gateway","timestamp":"2025-11-17T10:07:07.733Z"}
{"level":"info","message":"✓ Proxy configured: /v1/payments → http://localhost:4004","service":"api-gateway","timestamp":"2025-11-17T10:07:07.733Z"}
{"level":"info","message":"✓ Proxy configured: /v1/notifications → http://localhost:4005","service":"api-gateway","timestamp":"2025-11-17T10:07:07.733Z"}
{"level":"info","message":"Gateway is running on port 3000","service":"api-gateway","timestamp":"2025-11-17T10:07:07.735Z"}
{"level":"info","message":"✓ Proxy configured: /v1/users → http://localhost:4001","service":"api-gateway","timestamp":"2025-11-17T10:08:14.402Z"}
{"level":"info","message":"✓ Proxy configured: /v1/users → http://localhost:4001","service":"api-gateway","timestamp":"2025-11-17T10:08:14.401Z"}
{"level":"info","message":"✓ Proxy configured: /v1/auth → http://localhost:4001","service":"api-gateway","timestamp":"2025-11-17T10:08:14.404Z"}
{"level":"info","message":"Gateway is running on port 3000","service":"api-gateway","timestamp":"2025-11-17T10:08:14.406Z"}
{"level":"info","message":"✓ Proxy configured: /v1/auth → http://localhost:4001","service":"api-gateway","timestamp":"2025-11-17T10:08:14.404Z"}
{"level":"info","message":"Gateway is running on port 3000","service":"api-gateway","timestamp":"2025-11-17T10:08:14.406Z"}
{"level":"info","message":"✓ Proxy configured: /v1/users → http://localhost:3001","service":"api-gateway","timestamp":"2025-11-17T10:12:29.944Z"}
{"level":"info","message":"✓ Proxy configured: /v1/users → http://localhost:3001","service":"api-gateway","timestamp":"2025-11-17T10:12:29.944Z"}
{"level":"info","message":"Gateway is running on port 3000","service":"api-gateway","timestamp":"2025-11-17T10:12:29.947Z"}
{"level":"info","message":"Gateway is running on port 3000","service":"api-gateway","timestamp":"2025-11-17T10:12:29.947Z"}
{"level":"info","message":"✓ Proxy configured (protected): /v1/users → http://localhost:3001","service":"api-gateway","timestamp":"2025-11-17T10:17:05.533Z"}
{"level":"info","message":"✓ Proxy configured (public): /v1/auth → http://localhost:3001","service":"api-gateway","timestamp":"2025-11-17T10:17:05.538Z"}
{"level":"info","message":"Gateway is running on port 3000","service":"api-gateway","timestamp":"2025-11-17T10:17:05.540Z"}
{"level":"info","message":"✓ Proxy configured (protected): /v1/users → http://localhost:3001","service":"api-gateway","timestamp":"2025-11-17T10:17:05.537Z"}
{"level":"info","message":"✓ Proxy configured (public): /v1/auth → http://localhost:3001","service":"api-gateway","timestamp":"2025-11-17T10:17:05.540Z"}
{"level":"info","message":"Gateway is running on port 3000","service":"api-gateway","timestamp":"2025-11-17T10:17:05.544Z"}
{"level":"info","message":"✓ Proxy configured (protected): /v1/users → http://localhost:3001","service":"api-gateway","timestamp":"2025-11-17T10:17:11.331Z"}
{"level":"info","message":"✓ Proxy configured (protected): /v1/users → http://localhost:3001","service":"api-gateway","timestamp":"2025-11-17T10:17:11.332Z"}
{"level":"info","message":"✓ Proxy configured (public): /v1/auth → http://localhost:3001","service":"api-gateway","timestamp":"2025-11-17T10:17:11.334Z"}
{"level":"info","message":"Gateway is running on port 3000","service":"api-gateway","timestamp":"2025-11-17T10:17:11.336Z"}
{"level":"info","message":"✓ Proxy configured (public): /v1/auth → http://localhost:3001","service":"api-gateway","timestamp":"2025-11-17T10:17:11.334Z"}
{"level":"info","message":"Gateway is running on port 3000","service":"api-gateway","timestamp":"2025-11-17T10:17:11.336Z"}
{"level":"info","message":"✓ Proxy configured (protected): /v1/users → http://localhost:3001","service":"api-gateway","timestamp":"2025-11-17T10:17:12.947Z"}
{"level":"info","message":"✓ Proxy configured (protected): /v1/users → http://localhost:3001","service":"api-gateway","timestamp":"2025-11-17T10:17:12.947Z"}
{"level":"info","message":"✓ Proxy configured (public): /v1/auth → http://localhost:3001","service":"api-gateway","timestamp":"2025-11-17T10:17:12.948Z"}
{"level":"info","message":"Gateway is running on port 3000","service":"api-gateway","timestamp":"2025-11-17T10:17:12.950Z"}
{"level":"info","message":"✓ Proxy configured (public): /v1/auth → http://localhost:3001","service":"api-gateway","timestamp":"2025-11-17T10:17:12.948Z"}
{"level":"info","message":"Gateway is running on port 3000","service":"api-gateway","timestamp":"2025-11-17T10:17:12.950Z"}
{"level":"info","message":"✓ Proxy configured (protected): /v1/users → http://localhost:3001","service":"api-gateway","timestamp":"2025-11-17T10:19:14.630Z"}
{"level":"info","message":"✓ Proxy configured (public): /v1/auth → http://localhost:3001","service":"api-gateway","timestamp":"2025-11-17T10:19:14.631Z"}
{"level":"info","message":"Gateway is running on port 3000","service":"api-gateway","timestamp":"2025-11-17T10:19:14.634Z"}
{"level":"info","message":"✓ Proxy configured (protected): /v1/users → http://localhost:3001","service":"api-gateway","timestamp":"2025-11-17T13:21:08.262Z"}
{"level":"info","message":"✓ Proxy configured (public): /v1/auth → http://localhost:3001","service":"api-gateway","timestamp":"2025-11-17T13:21:08.264Z"}
{"level":"info","message":"Gateway is running on port 3000","service":"api-gateway","timestamp":"2025-11-17T13:21:08.266Z"}
{"level":"info","message":"[cec9a61e-ce01-4d2a-8c0d-cebfc647d6a8] GET /health","service":"api-gateway","timestamp":"2025-11-17T13:21:37.036Z"}
{"level":"info","message":"[80c690ef-b7a2-4aa5-aad5-3609e1f66c7c] GET /health","service":"api-gateway","timestamp":"2025-11-17T13:21:49.637Z"}
{"level":"info","message":"✓ Proxy configured (protected): /v1/users → http://localhost:3001","service":"api-gateway","timestamp":"2025-11-17T13:44:23.524Z"}
{"level":"info","message":"✓ Proxy configured (protected): /v1/users → http://localhost:3001","service":"api-gateway","timestamp":"2025-11-17T13:44:23.524Z"}
{"level":"info","message":"✓ Proxy configured (public): /v1/auth → http://localhost:3001","service":"api-gateway","timestamp":"2025-11-17T13:44:23.533Z"}
{"level":"info","message":"Gateway is running on port 3000","service":"api-gateway","timestamp":"2025-11-17T13:44:23.535Z"}
{"level":"info","message":"✓ Proxy configured (public): /v1/auth → http://localhost:3001","service":"api-gateway","timestamp":"2025-11-17T13:44:23.533Z"}
{"level":"info","message":"Gateway is running on port 3000","service":"api-gateway","timestamp":"2025-11-17T13:44:23.535Z"}
{"level":"info","message":"✓ Proxy configured (protected): /v1/users → http://localhost:3001","service":"api-gateway","timestamp":"2025-11-17T13:46:03.958Z"}
{"level":"info","message":"✓ Proxy configured (protected): /v1/users → http://localhost:3001","service":"api-gateway","timestamp":"2025-11-17T13:46:03.958Z"}
{"level":"info","message":"✓ Proxy configured (public): /v1/auth → http://localhost:3001","service":"api-gateway","timestamp":"2025-11-17T13:46:03.960Z"}
{"level":"info","message":"Gateway is running on port 3000","service":"api-gateway","timestamp":"2025-11-17T13:46:03.961Z"}
{"level":"info","message":"✓ Proxy configured (public): /v1/auth → http://localhost:3001","service":"api-gateway","timestamp":"2025-11-17T13:46:03.960Z"}
{"level":"info","message":"Gateway is running on port 3000","service":"api-gateway","timestamp":"2025-11-17T13:46:03.961Z"}
{"level":"info","message":"✓ Proxy configured (protected): /v1/users → http://localhost:3001","service":"api-gateway","timestamp":"2025-11-17T13:50:35.205Z"}
{"level":"info","message":"✓ Proxy configured (public): /v1/auth → http://localhost:3001","service":"api-gateway","timestamp":"2025-11-17T13:50:35.207Z"}
{"level":"info","message":"Gateway is running on port 3000","service":"api-gateway","timestamp":"2025-11-17T13:50:35.208Z"}
{"level":"info","message":"[c689785a-e3bc-4d9a-866e-d6e30a274f37] GET /health","service":"api-gateway","timestamp":"2025-11-17T13:51:04.580Z"}
{"level":"info","message":"[7c4c9c46-d4ae-4747-8107-d9c8e66779ed] GET /health","service":"api-gateway","timestamp":"2025-11-17T13:51:19.325Z"}
{"level":"info","message":"[4a21b46d-c4a3-4229-9abc-937eaed7b3d2] POST /v1/auth/register","service":"api-gateway","timestamp":"2025-11-17T13:58:46.925Z"}
{"level":"info","message":"[4a21b46d-c4a3-4229-9abc-937eaed7b3d2] Body: {\"name\":\"Test User\",\"email\":\"test@example.com\"}","service":"api-gateway","timestamp":"2025-11-17T13:58:46.926Z"}
{"level":"info","message":"[4a21b46d-c4a3-4229-9abc-937eaed7b3d2] Proxying POST /register to Auth Service","service":"api-gateway","timestamp":"2025-11-17T13:58:46.926Z"}
{"level":"error","message":"Proxy error for Auth Service: ","service":"api-gateway","timestamp":"2025-11-17T13:58:46.930Z"}
{"level":"info","message":"[6f2d1bbb-d66a-45d5-9536-c3d5696e02bd] POST /v1/auth/register","service":"api-gateway","timestamp":"2025-11-17T13:58:56.221Z"}
{"level":"info","message":"[6f2d1bbb-d66a-45d5-9536-c3d5696e02bd] Body: {\"name\":\"Test User\",\"email\":\"test@example.com\"}","service":"api-gateway","timestamp":"2025-11-17T13:58:56.222Z"}
{"level":"info","message":"[6f2d1bbb-d66a-45d5-9536-c3d5696e02bd] Proxying POST /register to Auth Service","service":"api-gateway","timestamp":"2025-11-17T13:58:56.223Z"}
{"level":"error","message":"Proxy error for Auth Service: ","service":"api-gateway","timestamp":"2025-11-17T13:58:56.225Z"}
{"level":"info","message":"✓ Proxy configured (protected): /v1/users → http://user-service:3001","service":"api-gateway","timestamp":"2025-11-17T14:03:38.162Z"}
{"level":"info","message":"✓ Proxy configured (public): /v1/auth → http://user-service:3001","service":"api-gateway","timestamp":"2025-11-17T14:03:38.164Z"}
{"level":"info","message":"Gateway is running on port 3000","service":"api-gateway","timestamp":"2025-11-17T14:03:38.168Z"}
{"level":"info","message":"[f651359c-641d-4de3-8b64-baab3f83ad4f] GET /health","service":"api-gateway","timestamp":"2025-11-17T14:06:30.107Z"}
{"level":"info","message":"[bcfb8e8e-45d5-4173-a376-3bc9640f2964] POST /v1/auth/register","service":"api-gateway","timestamp":"2025-11-17T14:06:45.763Z"}
{"level":"info","message":"[bcfb8e8e-45d5-4173-a376-3bc9640f2964] Body: {\"name\":\"Test User\",\"email\":\"test@example.com\",\"role\":\"user\"}","service":"api-gateway","timestamp":"2025-11-17T14:06:45.764Z"}
{"level":"info","message":"[bcfb8e8e-45d5-4173-a376-3bc9640f2964] Proxying POST /register to Auth Service","service":"api-gateway","timestamp":"2025-11-17T14:06:45.768Z"}
{"level":"info","message":"[bcfb8e8e-45d5-4173-a376-3bc9640f2964] Auth Service responded with 400 for /register","service":"api-gateway","timestamp":"2025-11-17T14:06:45.799Z"}
{"level":"info","message":"[d06167eb-303a-4871-b67d-6cc50b2d1d41] POST /v1/auth/register","service":"api-gateway","timestamp":"2025-11-17T14:06:57.630Z"}
{"level":"info","message":"[d06167eb-303a-4871-b67d-6cc50b2d1d41] Body: {\"name\":\"Test User\",\"email\":\"test@example.com\",\"role\":\"CUSTOMER\"}","service":"api-gateway","timestamp":"2025-11-17T14:06:57.630Z"}
{"level":"info","message":"[d06167eb-303a-4871-b67d-6cc50b2d1d41] Proxying POST /register to Auth Service","service":"api-gateway","timestamp":"2025-11-17T14:06:57.631Z"}
{"level":"info","message":"[d06167eb-303a-4871-b67d-6cc50b2d1d41] Auth Service responded with 201 for /register","service":"api-gateway","timestamp":"2025-11-17T14:06:57.961Z"}
{"level":"info","message":"[cfa1a658-1abc-49a6-a503-c91ec403b520] POST /v1/auth/login","service":"api-gateway","timestamp":"2025-11-17T14:07:35.550Z"}
{"level":"info","message":"[cfa1a658-1abc-49a6-a503-c91ec403b520] Body: {\"email\":\"test@example.com\"}","service":"api-gateway","timestamp":"2025-11-17T14:07:35.551Z"}
{"level":"info","message":"[cfa1a658-1abc-49a6-a503-c91ec403b520] Proxying POST /login to Auth Service","service":"api-gateway","timestamp":"2025-11-17T14:07:35.553Z"}
{"level":"info","message":"[cfa1a658-1abc-49a6-a503-c91ec403b520] Auth Service responded with 200 for /login","service":"api-gateway","timestamp":"2025-11-17T14:07:35.839Z"}
{"level":"info","message":"[831862b1-1193-4a5e-9adc-ff14d606de07] GET /v1/users/profile","service":"api-gateway","timestamp":"2025-11-17T14:07:51.195Z"}
{"level":"info","message":"Authenticated user 4bd80230-30ba-479f-b7c8-e295483b1a8b for GET /profile","service":"api-gateway","timestamp":"2025-11-17T14:07:51.202Z"}
{"level":"info","message":"[831862b1-1193-4a5e-9adc-ff14d606de07] Proxying GET /profile to User Service","service":"api-gateway","timestamp":"2025-11-17T14:07:51.203Z"}
{"level":"info","message":"[831862b1-1193-4a5e-9adc-ff14d606de07] User Service responded with 403 for /profile","service":"api-gateway","timestamp":"2025-11-17T14:07:51.210Z"}
{"level":"info","message":"✓ Proxy configured (protected): /v1/profile → http://user-service:3001","service":"api-gateway","timestamp":"2025-11-17T14:08:46.059Z"}
{"level":"info","message":"✓ Proxy configured (protected): /v1/users → http://user-service:3001","service":"api-gateway","timestamp":"2025-11-17T14:08:46.061Z"}
{"level":"info","message":"✓ Proxy configured (public): /v1/auth → http://user-service:3001","service":"api-gateway","timestamp":"2025-11-17T14:08:46.062Z"}
{"level":"info","message":"Gateway is running on port 3000","service":"api-gateway","timestamp":"2025-11-17T14:08:46.063Z"}
{"level":"info","message":"[df0885aa-2a0f-4d56-abd8-c5c6f34a25f3] GET /v1/profile","service":"api-gateway","timestamp":"2025-11-17T14:09:13.221Z"}
{"level":"info","message":"Authenticated user 4bd80230-30ba-479f-b7c8-e295483b1a8b for GET /","service":"api-gateway","timestamp":"2025-11-17T14:09:13.227Z"}
{"level":"info","message":"[df0885aa-2a0f-4d56-abd8-c5c6f34a25f3] Proxying GET / to Profile Service","service":"api-gateway","timestamp":"2025-11-17T14:09:13.231Z"}
{"level":"info","message":"[df0885aa-2a0f-4d56-abd8-c5c6f34a25f3] Profile Service responded with 200 for /","service":"api-gateway","timestamp":"2025-11-17T14:09:13.281Z"}
{"level":"info","message":"[32dc463b-5ff4-4f54-8dd1-238836882b76] POST /v1/auth/refresh","service":"api-gateway","timestamp":"2025-11-17T14:09:23.440Z"}
{"level":"info","message":"[32dc463b-5ff4-4f54-8dd1-238836882b76] Body: {\"refreshToken\":\"0d9080ab40dd7686a041aee290eab4603f1f81b8b869fa6e062cd6e29a753a669a7c51324a5bd1b9\"}","service":"api-gateway","timestamp":"2025-11-17T14:09:23.441Z"}
{"level":"info","message":"[32dc463b-5ff4-4f54-8dd1-238836882b76] Proxying POST /refresh to Auth Service","service":"api-gateway","timestamp":"2025-11-17T14:09:23.443Z"}
{"level":"info","message":"[32dc463b-5ff4-4f54-8dd1-238836882b76] Auth Service responded with 200 for /refresh","service":"api-gateway","timestamp":"2025-11-17T14:09:23.478Z"}
{"level":"info","message":"[84d71672-a06f-41b9-84ff-49010a358e00] POST /v1/auth/logout","service":"api-gateway","timestamp":"2025-11-17T14:09:34.076Z"}
{"level":"info","message":"[84d71672-a06f-41b9-84ff-49010a358e00] Proxying POST /logout to Auth Service","service":"api-gateway","timestamp":"2025-11-17T14:09:34.079Z"}
{"level":"info","message":"[84d71672-a06f-41b9-84ff-49010a358e00] Auth Service responded with 400 for /logout","service":"api-gateway","timestamp":"2025-11-17T14:09:34.095Z"}
{"level":"info","message":"[bb3199a8-4066-4026-9a04-864a0cc1a835] POST /v1/auth/logout","service":"api-gateway","timestamp":"2025-11-17T14:09:43.773Z"}
{"level":"info","message":"[bb3199a8-4066-4026-9a04-864a0cc1a835] Body: {\"refreshToken\":\"300cac1a8544c5f86da244e18bc26d4880217908638d378210f1bfbad53365a5d43fa2a2a8f90782\"}","service":"api-gateway","timestamp":"2025-11-17T14:09:43.774Z"}
{"level":"info","message":"[bb3199a8-4066-4026-9a04-864a0cc1a835] Proxying POST /logout to Auth Service","service":"api-gateway","timestamp":"2025-11-17T14:09:43.775Z"}
{"level":"info","message":"[bb3199a8-4066-4026-9a04-864a0cc1a835] Auth Service responded with 200 for /logout","service":"api-gateway","timestamp":"2025-11-17T14:09:43.802Z"}
{"level":"info","message":"[f8bfda2c-a71e-4257-8b1a-ac8931e29fd9] GET /v1/profile","service":"api-gateway","timestamp":"2025-11-17T14:09:53.338Z"}
{"level":"info","message":"Authenticated user 4bd80230-30ba-479f-b7c8-e295483b1a8b for GET /","service":"api-gateway","timestamp":"2025-11-17T14:09:53.341Z"}
{"level":"info","message":"[f8bfda2c-a71e-4257-8b1a-ac8931e29fd9] Proxying GET / to Profile Service","service":"api-gateway","timestamp":"2025-11-17T14:09:53.342Z"}
{"level":"info","message":"[f8bfda2c-a71e-4257-8b1a-ac8931e29fd9] Profile Service responded with 200 for /","service":"api-gateway","timestamp":"2025-11-17T14:09:53.353Z"}
{"level":"info","message":"✓ Proxy configured (protected): /v1/profile → http://user-service:3001","service":"api-gateway","timestamp":"2025-11-17T14:14:45.452Z"}
{"level":"info","message":"✓ Proxy configured (protected): /v1/users → http://user-service:3001","service":"api-gateway","timestamp":"2025-11-17T14:14:45.456Z"}
{"level":"info","message":"✓ Proxy configured (public): /v1/auth → http://user-service:3001","service":"api-gateway","timestamp":"2025-11-17T14:14:45.457Z"}
{"level":"info","message":"Gateway is running on port 3000","service":"api-gateway","timestamp":"2025-11-17T14:14:45.461Z"}
{"level":"info","message":"✓ Proxy configured (protected): /v1/profile → http://localhost:3001","service":"api-gateway","timestamp":"2025-11-17T14:14:45.802Z"}
{"level":"info","message":"✓ Proxy configured (protected): /v1/profile → http://localhost:3001","service":"api-gateway","timestamp":"2025-11-17T14:14:45.802Z"}
{"level":"info","message":"✓ Proxy configured (protected): /v1/users → http://localhost:3001","service":"api-gateway","timestamp":"2025-11-17T14:14:45.808Z"}
{"level":"info","message":"✓ Proxy configured (public): /v1/auth → http://localhost:3001","service":"api-gateway","timestamp":"2025-11-17T14:14:45.808Z"}
{"level":"info","message":"Gateway is running on port 3000","service":"api-gateway","timestamp":"2025-11-17T14:14:45.809Z"}
{"level":"info","message":"✓ Proxy configured (protected): /v1/users → http://localhost:3001","service":"api-gateway","timestamp":"2025-11-17T14:14:45.808Z"}
{"level":"info","message":"✓ Proxy configured (public): /v1/auth → http://localhost:3001","service":"api-gateway","timestamp":"2025-11-17T14:14:45.808Z"}
{"level":"info","message":"Gateway is running on port 3000","service":"api-gateway","timestamp":"2025-11-17T14:14:45.809Z"}
{"level":"info","message":"✓ Proxy configured (protected): /v1/profile → http://user-service:3001","service":"api-gateway","timestamp":"2025-11-26T14:02:56.222Z"}
{"level":"info","message":"✓ Proxy configured (protected): /v1/users → http://user-service:3001","service":"api-gateway","timestamp":"2025-11-26T14:02:56.224Z"}
{"level":"info","message":"✓ Proxy configured (public): /v1/auth → http://user-service:3001","service":"api-gateway","timestamp":"2025-11-26T14:02:56.225Z"}
{"level":"info","message":"Gateway is running on port 3000","service":"api-gateway","timestamp":"2025-11-26T14:02:56.227Z"}
{"level":"info","message":"[b98e8a79-56bc-434f-80bc-707250e10aa1] POST /v1/auth/register","service":"api-gateway","timestamp":"2025-11-26T14:03:22.331Z"}
{"level":"info","message":"[b98e8a79-56bc-434f-80bc-707250e10aa1] Body: {\"username\":\"testuser861\",\"email\":\"testuser999@example.com\"}","service":"api-gateway","timestamp":"2025-11-26T14:03:22.333Z"}
{"level":"info","message":"[b98e8a79-56bc-434f-80bc-707250e10aa1] Proxying POST /register to Auth Service","service":"api-gateway","timestamp":"2025-11-26T14:03:22.340Z"}
{"level":"info","message":"[b98e8a79-56bc-434f-80bc-707250e10aa1] Auth Service responded with 400 for /register","service":"api-gateway","timestamp":"2025-11-26T14:03:22.400Z"}
{"level":"info","message":"[b4f309d4-4cba-4fb8-8d99-65de80a1ccf2] POST /v1/auth/register","service":"api-gateway","timestamp":"2025-11-26T14:03:36.709Z"}
{"level":"info","message":"[b4f309d4-4cba-4fb8-8d99-65de80a1ccf2] Body: {\"username\":\"testuser436\",\"email\":\"testuser901@example.com\"}","service":"api-gateway","timestamp":"2025-11-26T14:03:36.712Z"}
{"level":"info","message":"[b4f309d4-4cba-4fb8-8d99-65de80a1ccf2] Proxying POST /register to Auth Service","service":"api-gateway","timestamp":"2025-11-26T14:03:36.714Z"}
{"level":"info","message":"[b4f309d4-4cba-4fb8-8d99-65de80a1ccf2] Auth Service responded with 400 for /register","service":"api-gateway","timestamp":"2025-11-26T14:03:36.738Z"}
{"level":"info","message":"[9e74afbc-eb82-4e0a-bd2a-48e4ee078945] POST /v1/auth/register","service":"api-gateway","timestamp":"2025-11-26T14:03:39.954Z"}
{"level":"info","message":"[9e74afbc-eb82-4e0a-bd2a-48e4ee078945] Body: {\"username\":\"testdfsfsuser908\",\"email\":\"testuser210@example.com\"}","service":"api-gateway","timestamp":"2025-11-26T14:03:39.955Z"}
{"level":"info","message":"[9e74afbc-eb82-4e0a-bd2a-48e4ee078945] Proxying POST /register to Auth Service","service":"api-gateway","timestamp":"2025-11-26T14:03:39.957Z"}
{"level":"info","message":"[9e74afbc-eb82-4e0a-bd2a-48e4ee078945] Auth Service responded with 400 for /register","service":"api-gateway","timestamp":"2025-11-26T14:03:39.964Z"}
{"level":"info","message":"[b3f92933-740f-4f74-81c0-5c0b124ccfd2] POST /v1/auth/register","service":"api-gateway","timestamp":"2025-11-26T14:05:16.722Z"}
{"level":"info","message":"[b3f92933-740f-4f74-81c0-5c0b124ccfd2] Body: {\"name\":\"Jane Developer\",\"email\":\"jane@example.com\",\"role\":\"CUSTOMER\"}","service":"api-gateway","timestamp":"2025-11-26T14:05:16.725Z"}
{"level":"info","message":"[b3f92933-740f-4f74-81c0-5c0b124ccfd2] Proxying POST /register to Auth Service","service":"api-gateway","timestamp":"2025-11-26T14:05:16.727Z"}
{"level":"info","message":"[b3f92933-740f-4f74-81c0-5c0b124ccfd2] Auth Service responded with 201 for /register","service":"api-gateway","timestamp":"2025-11-26T14:05:17.097Z"}
{"level":"info","message":"[73cdc3ca-24a4-4699-b3ec-40571b4da099] POST /v1/auth/login","service":"api-gateway","timestamp":"2025-11-26T14:09:15.175Z"}
{"level":"info","message":"[73cdc3ca-24a4-4699-b3ec-40571b4da099] Body: {\"email\":\"testuser1@example.com\"}","service":"api-gateway","timestamp":"2025-11-26T14:09:15.183Z"}
{"level":"info","message":"[73cdc3ca-24a4-4699-b3ec-40571b4da099] Proxying POST /login to Auth Service","service":"api-gateway","timestamp":"2025-11-26T14:09:15.184Z"}
{"level":"info","message":"[73cdc3ca-24a4-4699-b3ec-40571b4da099] Auth Service responded with 401 for /login","service":"api-gateway","timestamp":"2025-11-26T14:09:15.210Z"}
{"level":"info","message":"[7f6a9291-fad3-4e1f-8019-ecd783bba988] POST /v1/auth/login","service":"api-gateway","timestamp":"2025-11-26T14:09:47.511Z"}
{"level":"info","message":"[7f6a9291-fad3-4e1f-8019-ecd783bba988] Body: {\"email\":\"jane@example.com\"}","service":"api-gateway","timestamp":"2025-11-26T14:09:47.512Z"}
{"level":"info","message":"[7f6a9291-fad3-4e1f-8019-ecd783bba988] Proxying POST /login to Auth Service","service":"api-gateway","timestamp":"2025-11-26T14:09:47.513Z"}
{"level":"info","message":"[7f6a9291-fad3-4e1f-8019-ecd783bba988] Auth Service responded with 200 for /login","service":"api-gateway","timestamp":"2025-11-26T14:09:47.800Z"}
{"level":"info","message":"[209cde88-f037-45c7-b36d-f0ee913e12d2] POST /v1/auth/refresh-token","service":"api-gateway","timestamp":"2025-11-26T14:10:10.101Z"}
{"level":"info","message":"[209cde88-f037-45c7-b36d-f0ee913e12d2] Body: {\"refreshToken\":\"{{refreshToken}}\"}","service":"api-gateway","timestamp":"2025-11-26T14:10:10.102Z"}
{"level":"info","message":"[209cde88-f037-45c7-b36d-f0ee913e12d2] Proxying POST /refresh-token to Auth Service","service":"api-gateway","timestamp":"2025-11-26T14:10:10.102Z"}
{"level":"info","message":"[209cde88-f037-45c7-b36d-f0ee913e12d2] Auth Service responded with 404 for /refresh-token","service":"api-gateway","timestamp":"2025-11-26T14:10:10.124Z"}
{"level":"info","message":"[c5d9007d-c51b-41dc-9d71-686feb14949d] POST /v1/auth/refresh-token","service":"api-gateway","timestamp":"2025-11-26T14:10:24.722Z"}
{"level":"info","message":"[c5d9007d-c51b-41dc-9d71-686feb14949d] Body: {\"refreshToken\":\"f466d174205ed398009bc91e972d30f04023edf8cd50ec28d67cb0a545405bd0b23e5cdd7784329c\"}","service":"api-gateway","timestamp":"2025-11-26T14:10:24.724Z"}
{"level":"info","message":"[c5d9007d-c51b-41dc-9d71-686feb14949d] Proxying POST /refresh-token to Auth Service","service":"api-gateway","timestamp":"2025-11-26T14:10:24.725Z"}
{"level":"info","message":"[c5d9007d-c51b-41dc-9d71-686feb14949d] Auth Service responded with 404 for /refresh-token","service":"api-gateway","timestamp":"2025-11-26T14:10:24.737Z"}
{"level":"info","message":"[5f884756-c773-4ab9-96a3-4f574b676a2b] POST /v1/auth/logout","service":"api-gateway","timestamp":"2025-11-26T14:10:45.806Z"}
{"level":"info","message":"[5f884756-c773-4ab9-96a3-4f574b676a2b] Body: {\"refreshToken\":\"f466d174205ed398009bc91e972d30f04023edf8cd50ec28d67cb0a545405bd0b23e5cdd7784329c\"}","service":"api-gateway","timestamp":"2025-11-26T14:10:45.808Z"}
{"level":"info","message":"[5f884756-c773-4ab9-96a3-4f574b676a2b] Proxying POST /logout to Auth Service","service":"api-gateway","timestamp":"2025-11-26T14:10:45.811Z"}
{"level":"info","message":"[5f884756-c773-4ab9-96a3-4f574b676a2b] Auth Service responded with 401 for /logout","service":"api-gateway","timestamp":"2025-11-26T14:10:45.829Z"}
{"level":"info","message":"[8b53ee4a-bb85-438b-941c-5199da1559b8] GET /health","service":"api-gateway","timestamp":"2025-11-26T14:11:22.940Z"}
{"level":"info","message":"[254a9edf-fbc8-45f6-b758-87649a895d3b] GET /v1/api","service":"api-gateway","timestamp":"2025-11-26T14:13:57.364Z"}
{"level":"info","message":"[9abd68ee-3d3d-4d52-9380-d0a8af7abacc] GET /v1/api/","service":"api-gateway","timestamp":"2025-11-26T14:14:01.067Z"}
{"level":"info","message":"[fe02cc55-2c1a-4b5b-8ff5-5370fc8af6a5] GET /v1/api/healh","service":"api-gateway","timestamp":"2025-11-26T14:14:07.678Z"}
{"level":"info","message":"[c5db1562-2c4d-4d4f-bb42-6c3a7d963ebc] GET /v1/","service":"api-gateway","timestamp":"2025-11-26T14:14:21.915Z"}
{"level":"info","message":"[180aeacf-87a0-4055-948b-ba0c722db468] GET /v1/health","service":"api-gateway","timestamp":"2025-11-26T14:14:42.258Z"}
{"level":"info","message":"[f5b5efae-361e-402b-ba70-c5b9a9377263] GET /health","service":"api-gateway","timestamp":"2025-11-26T14:15:27.996Z"}
{"level":"info","message":"[811b339f-b6aa-4066-b8b5-f4014207473f] GET /api/health","service":"api-gateway","timestamp":"2025-11-26T14:16:11.103Z"}
{"level":"info","message":"[2e13ec7f-1e33-42f4-9eb6-f6dd86c206ca] GET /api/health","service":"api-gateway","timestamp":"2025-11-26T14:16:33.336Z"}
{"level":"info","message":"[19850940-0047-4d0b-a7da-4ebb0526bf89] GET /health","service":"api-gateway","timestamp":"2025-11-26T14:16:37.517Z"}
{"level":"info","message":"[1a2a58ca-4b33-495b-be8b-4825a5c55dbc] GET /health","service":"api-gateway","timestamp":"2025-11-26T14:17:04.603Z"}
{"level":"info","message":"[70415a0b-89ab-4df2-8692-5b6e0519359e] GET /v1/health","service":"api-gateway","timestamp":"2025-11-26T14:19:52.196Z"}
{"level":"info","message":"[6664aa51-8e1f-4077-bab5-312fd799fc00] GET /health","service":"api-gateway","timestamp":"2025-11-26T14:20:36.410Z"}
{"level":"info","message":"[17b6dde4-b604-4548-9818-b6c6f636b6e1] GET /","service":"api-gateway","timestamp":"2025-11-26T14:20:41.986Z"}
{"level":"info","message":"[b280001e-2856-4559-a18e-1a3d6c9be612] GET /","service":"api-gateway","timestamp":"2025-11-26T14:20:44.161Z"}
{"level":"info","message":"[bf2c1fdf-d1d0-4af9-97ba-bea6cf1663ac] GET /api/health","service":"api-gateway","timestamp":"2025-11-26T14:20:50.722Z"}
{"level":"info","message":"[7448fb70-1796-494f-abc5-9a7a55e74701] GET /api/health","service":"api-gateway","timestamp":"2025-11-26T14:20:55.485Z"}
{"level":"info","message":"✓ Proxy configured (protected): /v1/profile → http://user-service:3001","service":"api-gateway","timestamp":"2025-11-26T14:24:17.781Z"}
{"level":"info","message":"✓ Proxy configured (protected): /v1/users → http://user-service:3001","service":"api-gateway","timestamp":"2025-11-26T14:24:17.784Z"}
{"level":"info","message":"✓ Proxy configured (public): /v1/auth → http://user-service:3001","service":"api-gateway","timestamp":"2025-11-26T14:24:17.784Z"}
{"level":"info","message":"Gateway is running on port 3000","service":"api-gateway","timestamp":"2025-11-26T14:24:17.787Z"}
{"level":"info","message":"[b3db04c8-b4a8-4bc4-bcd9-83d80193028d] GET /v1/health","service":"api-gateway","timestamp":"2025-11-26T14:25:14.370Z"}
{"level":"info","message":"[ab48767b-c9db-4f0f-814c-d94a1ada49c4] GET /v1/users","service":"api-gateway","timestamp":"2025-11-26T14:25:26.459Z"}
{"level":"warn","message":"No authorization token provided while requesting protected route","service":"api-gateway","timestamp":"2025-11-26T14:25:26.462Z"}
{"level":"info","message":"[458cb0d7-5483-48cb-9f92-10bc3a31cfe1] GET /v1/users","service":"api-gateway","timestamp":"2025-11-26T14:26:30.430Z"}
{"level":"warn","message":"No authorization token provided while requesting protected route","service":"api-gateway","timestamp":"2025-11-26T14:26:30.440Z"}
{"level":"info","message":"[0b466311-ac59-493f-8e6d-40f2557f340b] GET /v1/users","service":"api-gateway","timestamp":"2025-11-26T14:26:37.197Z"}
{"level":"warn","message":"No authorization token provided while requesting protected route","service":"api-gateway","timestamp":"2025-11-26T14:26:37.198Z"}
{"level":"info","message":"[fc387fde-4cf1-4bc4-9695-9d2ad998cada] GET /v1/users","service":"api-gateway","timestamp":"2025-11-26T14:26:41.280Z"}
{"level":"warn","message":"No authorization token provided while requesting protected route","service":"api-gateway","timestamp":"2025-11-26T14:26:41.294Z"}
{"level":"info","message":"[fda4f982-7ab8-4fbd-938b-314db8fa6be7] GET /v1/users","service":"api-gateway","timestamp":"2025-11-26T14:26:42.189Z"}
{"level":"warn","message":"No authorization token provided while requesting protected route","service":"api-gateway","timestamp":"2025-11-26T14:26:42.189Z"}
